# JRE version: OpenJDK Runtime Environment (11.0.11+9) (build 11.0.11+9-post-Debian-1deb10u1)
# Java VM: OpenJDK 64-Bit Server VM (11.0.11+9-post-Debian-1deb10u1, mixed mode, sharing, tiered, compressed oops, g1 gc, linux-amd64)
Heap:
 garbage-first heap   total 92160K, used 18704K [0x00000000c0000000, 0x0000000100000000)
  region size 1024K, 10 young (10240K), 4 survivors (4096K)
 Metaspace       used 40149K, capacity 41500K, committed 41600K, reserved 1085440K
  class space    used 5001K, capacity 5725K, committed 5760K, reserved 1048576K
GC Heap History (18 events):
Event: 0.446 GC heap before
{Heap before GC invocations=0 (full 0):
 garbage-first heap   total 73728K, used 6856K [0x00000000c0000000, 0x0000000100000000)
  region size 1024K, 7 young (7168K), 0 survivors (0K)
 Metaspace       used 1454K, capacity 5656K, committed 6016K, reserved 1056768K
  class space    used 118K, capacity 520K, committed 640K, reserved 1048576K
}
Event: 0.458 GC heap after
{Heap after GC invocations=1 (full 0):
 garbage-first heap   total 73728K, used 3005K [0x00000000c0000000, 0x0000000100000000)
  region size 1024K, 1 young (1024K), 1 survivors (1024K)
 Metaspace       used 1454K, capacity 5656K, committed 6016K, reserved 1056768K
  class space    used 118K, capacity 520K, committed 640K, reserved 1048576K
}
Event: 0.800 GC heap before
{Heap before GC invocations=1 (full 0):
 garbage-first heap   total 73728K, used 14269K [0x00000000c0000000, 0x0000000100000000)
  region size 1024K, 13 young (13312K), 1 survivors (1024K)
 Metaspace       used 4947K, capacity 8457K, committed 8704K, reserved 1056768K
  class space    used 629K, capacity 969K, committed 1024K, reserved 1048576K
}
Event: 0.805 GC heap after
{Heap after GC invocations=2 (full 0):
 garbage-first heap   total 73728K, used 5348K [0x00000000c0000000, 0x0000000100000000)
  region size 1024K, 2 young (2048K), 2 survivors (2048K)
 Metaspace       used 4947K, capacity 8457K, committed 8704K, reserved 1056768K
  class space    used 629K, capacity 969K, committed 1024K, reserved 1048576K
}
Event: 1.053 GC heap before
{Heap before GC invocations=2 (full 0):
 garbage-first heap   total 73728K, used 16612K [0x00000000c0000000, 0x0000000100000000)
  region size 1024K, 14 young (14336K), 2 survivors (2048K)
 Metaspace       used 6294K, capacity 9437K, committed 9600K, reserved 1058816K
  class space    used 787K, capacity 1088K, committed 1152K, reserved 1048576K
}
Event: 1.059 GC heap after
{Heap after GC invocations=3 (full 0):
 garbage-first heap   total 73728K, used 7285K [0x00000000c0000000, 0x0000000100000000)
  region size 1024K, 2 young (2048K), 2 survivors (2048K)
 Metaspace       used 6294K, capacity 9437K, committed 9600K, reserved 1058816K
  class space    used 787K, capacity 1088K, committed 1152K, reserved 1048576K
}
Event: 1.451 GC heap before
{Heap before GC invocations=3 (full 0):
 garbage-first heap   total 73728K, used 24693K [0x00000000c0000000, 0x0000000100000000)
  region size 1024K, 19 young (19456K), 2 survivors (2048K)
 Metaspace       used 11608K, capacity 14200K, committed 14336K, reserved 1062912K
  class space    used 1474K, capacity 1782K, committed 1792K, reserved 1048576K
}
Event: 1.455 GC heap after
{Heap after GC invocations=4 (full 0):
 garbage-first heap   total 73728K, used 7869K [0x00000000c0000000, 0x0000000100000000)
  region size 1024K, 1 young (1024K), 1 survivors (1024K)
 Metaspace       used 11608K, capacity 14200K, committed 14336K, reserved 1062912K
  class space    used 1474K, capacity 1782K, committed 1792K, reserved 1048576K
}
Event: 1.771 GC heap before
{Heap before GC invocations=4 (full 0):
 garbage-first heap   total 73728K, used 32445K [0x00000000c0000000, 0x0000000100000000)
  region size 1024K, 26 young (26624K), 1 survivors (1024K)
 Metaspace       used 14628K, capacity 17184K, committed 17408K, reserved 1064960K
  class space    used 1849K, capacity 2220K, committed 2304K, reserved 1048576K
}
Event: 1.776 GC heap after
{Heap after GC invocations=5 (full 0):
 garbage-first heap   total 73728K, used 8837K [0x00000000c0000000, 0x0000000100000000)
  region size 1024K, 2 young (2048K), 2 survivors (2048K)
 Metaspace       used 14628K, capacity 17184K, committed 17408K, reserved 1064960K
  class space    used 1849K, capacity 2220K, committed 2304K, reserved 1048576K
}
Event: 2.666 GC heap before
{Heap before GC invocations=5 (full 0):
 garbage-first heap   total 73728K, used 25221K [0x00000000c0000000, 0x0000000100000000)
  region size 1024K, 20 young (20480K), 2 survivors (2048K)
 Metaspace       used 18507K, capacity 21114K, committed 21248K, reserved 1069056K
  class space    used 2156K, capacity 2552K, committed 2560K, reserved 1048576K
}
Event: 2.684 GC heap after
{Heap after GC invocations=6 (full 0):
 garbage-first heap   total 92160K, used 9272K [0x00000000c0000000, 0x0000000100000000)
  region size 1024K, 2 young (2048K), 2 survivors (2048K)
 Metaspace       used 18507K, capacity 21114K, committed 21248K, reserved 1069056K
  class space    used 2156K, capacity 2552K, committed 2560K, reserved 1048576K
}
Event: 42.188 GC heap before
{Heap before GC invocations=7 (full 0):
 garbage-first heap   total 92160K, used 45112K [0x00000000c0000000, 0x0000000100000000)
  region size 1024K, 37 young (37888K), 2 survivors (2048K)
 Metaspace       used 27135K, capacity 29702K, committed 29952K, reserved 1075200K
  class space    used 3213K, capacity 3751K, committed 3840K, reserved 1048576K
}
Event: 42.201 GC heap after
{Heap after GC invocations=8 (full 0):
 garbage-first heap   total 92160K, used 9893K [0x00000000c0000000, 0x0000000100000000)
  region size 1024K, 3 young (3072K), 3 survivors (3072K)
 Metaspace       used 27135K, capacity 29702K, committed 29952K, reserved 1075200K
  class space    used 3213K, capacity 3751K, committed 3840K, reserved 1048576K
}
Event: 43.491 GC heap before
{Heap before GC invocations=8 (full 0):
 garbage-first heap   total 92160K, used 37541K [0x00000000c0000000, 0x0000000100000000)
  region size 1024K, 31 young (31744K), 3 survivors (3072K)
 Metaspace       used 34872K, capacity 35702K, committed 35840K, reserved 1081344K
  class space    used 4102K, capacity 4545K, committed 4608K, reserved 1048576K
}
Event: 43.504 GC heap after
{Heap after GC invocations=9 (full 0):
 garbage-first heap   total 92160K, used 12349K [0x00000000c0000000, 0x0000000100000000)
  region size 1024K, 5 young (5120K), 5 survivors (5120K)
 Metaspace       used 34872K, capacity 35702K, committed 35840K, reserved 1081344K
  class space    used 4102K, capacity 4545K, committed 4608K, reserved 1048576K
}
Event: 54.207 GC heap before
{Heap before GC invocations=10 (full 0):
 garbage-first heap   total 92160K, used 52285K [0x00000000c0000000, 0x0000000100000000)
  region size 1024K, 45 young (46080K), 5 survivors (5120K)
 Metaspace       used 39819K, capacity 41113K, committed 41216K, reserved 1085440K
  class space    used 4938K, capacity 5625K, committed 5632K, reserved 1048576K
}
Event: 54.282 GC heap after
{Heap after GC invocations=11 (full 0):
 garbage-first heap   total 92160K, used 13584K [0x00000000c0000000, 0x0000000100000000)
  region size 1024K, 4 young (4096K), 4 survivors (4096K)
 Metaspace       used 39819K, capacity 41113K, committed 41216K, reserved 1085440K
  class space    used 4938K, capacity 5625K, committed 5632K, reserved 1048576K
}

